<?xml version="1.0" encoding="utf-8"?><testsuites name="pytest tests"><testsuite name="pytest" errors="0" failures="3" skipped="0" tests="4" time="2.341" timestamp="2026-04-01T07:59:15.508548+00:00" hostname="agent-env-b6f77dae-207d-4286-99cb-017bab694803"><testcase classname="backend.tests.test_auth_playbook_requirements" name="test_bcrypt_hash_uses_2b_prefix" time="0.246" /><testcase classname="backend.tests.test_auth_playbook_requirements" name="test_auth_login_sets_http_only_cookie" time="0.374"><failure message="assert False&#10; +  where False = any(&lt;generator object test_auth_login_sets_http_only_cookie.&lt;locals&gt;.&lt;genexpr&gt; at 0xf8e9e82999a0&gt;)">backend/tests/test_auth_playbook_requirements.py:29: in test_auth_login_sets_http_only_cookie
    assert any(keyword in cookie_lower for keyword in ["access", "token", "session", "auth"])
E   assert False
E    +  where False = any(&lt;generator object test_auth_login_sets_http_only_cookie.&lt;locals&gt;.&lt;genexpr&gt; at 0xf8e9e82999a0&gt;)</failure></testcase><testcase classname="backend.tests.test_auth_playbook_requirements" name="test_auth_cors_credentials_and_explicit_origin" time="0.018"><failure message="AssertionError: assert None == 'true'&#10; +  where None = get('access-control-allow-credentials')&#10; +    where get = {'Date': 'Wed, 01 Apr 2026 07:59:16 GMT', 'Connection': 'keep-alive', 'Access-Control-Allow-Origin': '*', 'Access-Control-Allow-Headers': '*', 'Access-Control-Allow-Methods': 'GET, POST, PUT, DELETE, OPTIONS, HEAD, PATCH', 'Access-Control-Max-Age': '300', 'X-Robots-Tag': 'noindex, nofollow', 'Server': 'cloudflare', 'CF-RAY': '9e560dae5f79e80a-ORD'}.get&#10; +      where {'Date': 'Wed, 01 Apr 2026 07:59:16 GMT', 'Connection': 'keep-alive', 'Access-Control-Allow-Origin': '*', 'Access-Control-Allow-Headers': '*', 'Access-Control-Allow-Methods': 'GET, POST, PUT, DELETE, OPTIONS, HEAD, PATCH', 'Access-Control-Max-Age': '300', 'X-Robots-Tag': 'noindex, nofollow', 'Server': 'cloudflare', 'CF-RAY': '9e560dae5f79e80a-ORD'} = &lt;Response [204]&gt;.headers">backend/tests/test_auth_playbook_requirements.py:48: in test_auth_cors_credentials_and_explicit_origin
    assert response.headers.get("access-control-allow-credentials") == "true"
E   AssertionError: assert None == 'true'
E    +  where None = get('access-control-allow-credentials')
E    +    where get = {'Date': 'Wed, 01 Apr 2026 07:59:16 GMT', 'Connection': 'keep-alive', 'Access-Control-Allow-Origin': '*', 'Access-Control-Allow-Headers': '*', 'Access-Control-Allow-Methods': 'GET, POST, PUT, DELETE, OPTIONS, HEAD, PATCH', 'Access-Control-Max-Age': '300', 'X-Robots-Tag': 'noindex, nofollow', 'Server': 'cloudflare', 'CF-RAY': '9e560dae5f79e80a-ORD'}.get
E    +      where {'Date': 'Wed, 01 Apr 2026 07:59:16 GMT', 'Connection': 'keep-alive', 'Access-Control-Allow-Origin': '*', 'Access-Control-Allow-Headers': '*', 'Access-Control-Allow-Methods': 'GET, POST, PUT, DELETE, OPTIONS, HEAD, PATCH', 'Access-Control-Max-Age': '300', 'X-Robots-Tag': 'noindex, nofollow', 'Server': 'cloudflare', 'CF-RAY': '9e560dae5f79e80a-ORD'} = &lt;Response [204]&gt;.headers</failure></testcase><testcase classname="backend.tests.test_auth_playbook_requirements" name="test_auth_lockout_after_five_failed_attempts" time="1.616"><failure message="assert 401 in [423, 429]">backend/tests/test_auth_playbook_requirements.py:61: in test_auth_lockout_after_five_failed_attempts
    assert statuses[-1] in [423, 429]
E   assert 401 in [423, 429]</failure></testcase></testsuite></testsuites>